{"/home/icsl22/backend-interview/server.ts": {"path":"/home/icsl22/backend-interview/server.ts","statementMap":{"0":{"start":{"line":1,"column":0},"end":{"line":1,"column":33}},"1":{"start":{"line":2,"column":0},"end":{"line":2,"column":30}},"2":{"start":{"line":3,"column":0},"end":{"line":3,"column":24}},"3":{"start":{"line":4,"column":0},"end":{"line":4,"column":28}},"4":{"start":{"line":5,"column":0},"end":{"line":5,"column":33}},"5":{"start":{"line":6,"column":0},"end":{"line":6,"column":31}},"6":{"start":{"line":8,"column":0},"end":{"line":8,"column":16}},"7":{"start":{"line":9,"column":21},"end":{"line":9,"column":61}},"8":{"start":{"line":11,"column":12},"end":{"line":11,"column":21}},"9":{"start":{"line":12,"column":0},"end":{"line":12,"column":23}},"10":{"start":{"line":13,"column":0},"end":{"line":13,"column":16}},"11":{"start":{"line":14,"column":0},"end":{"line":14,"column":24}},"12":{"start":{"line":15,"column":0},"end":{"line":15,"column":28}},"13":{"start":{"line":18,"column":0},"end":{"line":22,"column":3}},"14":{"start":{"line":18,"column":60},"end":{"line":22,"column":2}},"15":{"start":{"line":19,"column":2},"end":{"line":19,"column":13}},"16":{"start":{"line":21,"column":2},"end":{"line":21,"column":43}},"17":{"start":{"line":24,"column":0},"end":{"line":24,"column":19}}},"fnMap":{"0":{"name":"(anonymous_14)","decl":{"start":{"line":18,"column":50},"end":{"line":18,"column":58}},"loc":{"start":{"line":18,"column":60},"end":{"line":22,"column":2}}},"1":{"name":"(anonymous_15)","decl":{"start":{"line":18,"column":60},"end":{"line":18,"column":null}},"loc":{"start":{"line":18,"column":60},"end":{"line":22,"column":1}}}},"branchMap":{"0":{"loc":{"start":{"line":18,"column":11},"end":{"line":18,"column":48}},"type":"cond-expr","locations":[{"start":{"line":18,"column":40},"end":{"line":18,"column":44}},{"start":{"line":18,"column":47},"end":{"line":18,"column":48}}]}},"s":{"0":1,"1":1,"2":1,"3":1,"4":1,"5":1,"6":1,"7":1,"8":1,"9":1,"10":1,"11":1,"12":1,"13":1,"14":1,"15":1,"16":1,"17":1},"f":{"0":1,"1":1},"b":{"0":[0,1]}}
,"/home/icsl22/backend-interview/config/db.ts": {"path":"/home/icsl22/backend-interview/config/db.ts","statementMap":{"0":{"start":{"line":1,"column":0},"end":{"line":1,"column":32}},"1":{"start":{"line":3,"column":18},"end":{"line":13,"column":2}},"2":{"start":{"line":3,"column":29},"end":{"line":13,"column":2}},"3":{"start":{"line":4,"column":2},"end":{"line":12,"column":null}},"4":{"start":{"line":5,"column":4},"end":{"line":7,"column":6}},"5":{"start":{"line":9,"column":4},"end":{"line":9,"column":51}},"6":{"start":{"line":11,"column":4},"end":{"line":11,"column":54}},"7":{"start":{"line":3,"column":13},"end":{"line":3,"column":18}}},"fnMap":{"0":{"name":"(anonymous_8)","decl":{"start":{"line":3,"column":18},"end":{"line":3,"column":27}},"loc":{"start":{"line":3,"column":29},"end":{"line":13,"column":2}}},"1":{"name":"(anonymous_9)","decl":{"start":{"line":3,"column":29},"end":{"line":3,"column":null}},"loc":{"start":{"line":3,"column":29},"end":{"line":13,"column":1}}}},"branchMap":{"0":{"loc":{"start":{"line":6,"column":6},"end":{"line":6,"column":69}},"type":"binary-expr","locations":[{"start":{"line":6,"column":6},"end":{"line":6,"column":29}},{"start":{"line":6,"column":33},"end":{"line":6,"column":69}}]}},"s":{"0":1,"1":1,"2":1,"3":1,"4":1,"5":1,"6":0,"7":1},"f":{"0":1,"1":1},"b":{"0":[1,0]}}
,"/home/icsl22/backend-interview/constant/Response.ts": {"path":"/home/icsl22/backend-interview/constant/Response.ts","statementMap":{"0":{"start":{"line":1,"column":13},"end":{"line":6,"column":2}}},"fnMap":{},"branchMap":{},"s":{"0":1},"f":{},"b":{}}
,"/home/icsl22/backend-interview/src/index.ts": {"path":"/home/icsl22/backend-interview/src/index.ts","statementMap":{"0":{"start":{"line":1,"column":0},"end":{"line":1,"column":53}},"1":{"start":{"line":2,"column":0},"end":{"line":2,"column":47}},"2":{"start":{"line":4,"column":13},"end":{"line":4,"column":51}}},"fnMap":{},"branchMap":{},"s":{"0":1,"1":1,"2":1},"f":{},"b":{}}
,"/home/icsl22/backend-interview/src/order/order.controller.ts": {"path":"/home/icsl22/backend-interview/src/order/order.controller.ts","statementMap":{"0":{"start":{"line":1,"column":0},"end":{"line":1,"column":65}},"1":{"start":{"line":2,"column":0},"end":{"line":2,"column":50}},"2":{"start":{"line":5,"column":34},"end":{"line":19,"column":2}},"3":{"start":{"line":5,"column":72},"end":{"line":19,"column":2}},"4":{"start":{"line":6,"column":2},"end":{"line":18,"column":null}},"5":{"start":{"line":7,"column":17},"end":{"line":7,"column":48}},"6":{"start":{"line":8,"column":4},"end":{"line":12,"column":7}},"7":{"start":{"line":14,"column":4},"end":{"line":17,"column":7}},"8":{"start":{"line":5,"column":13},"end":{"line":5,"column":34}},"9":{"start":{"line":21,"column":34},"end":{"line":35,"column":2}},"10":{"start":{"line":21,"column":72},"end":{"line":35,"column":2}},"11":{"start":{"line":22,"column":2},"end":{"line":34,"column":null}},"12":{"start":{"line":23,"column":17},"end":{"line":23,"column":57}},"13":{"start":{"line":24,"column":4},"end":{"line":28,"column":7}},"14":{"start":{"line":30,"column":4},"end":{"line":33,"column":7}},"15":{"start":{"line":21,"column":13},"end":{"line":21,"column":34}}},"fnMap":{"0":{"name":"(anonymous_7)","decl":{"start":{"line":5,"column":34},"end":{"line":5,"column":41}},"loc":{"start":{"line":5,"column":72},"end":{"line":19,"column":2}}},"1":{"name":"(anonymous_8)","decl":{"start":{"line":5,"column":72},"end":{"line":5,"column":null}},"loc":{"start":{"line":5,"column":72},"end":{"line":19,"column":1}}},"2":{"name":"(anonymous_9)","decl":{"start":{"line":21,"column":34},"end":{"line":21,"column":41}},"loc":{"start":{"line":21,"column":72},"end":{"line":35,"column":2}}},"3":{"name":"(anonymous_10)","decl":{"start":{"line":21,"column":72},"end":{"line":21,"column":null}},"loc":{"start":{"line":21,"column":72},"end":{"line":35,"column":1}}}},"branchMap":{"0":{"loc":{"start":{"line":23,"column":41},"end":{"line":23,"column":56}},"type":"binary-expr","locations":[{"start":{"line":23,"column":41},"end":{"line":23,"column":50}},{"start":{"line":23,"column":54},"end":{"line":23,"column":56}}]}},"s":{"0":1,"1":1,"2":1,"3":0,"4":0,"5":0,"6":0,"7":0,"8":1,"9":1,"10":0,"11":0,"12":0,"13":0,"14":0,"15":1},"f":{"0":0,"1":0,"2":0,"3":0},"b":{"0":[0,0]}}
,"/home/icsl22/backend-interview/src/order/order.model.ts": {"path":"/home/icsl22/backend-interview/src/order/order.model.ts","statementMap":{"0":{"start":{"line":1,"column":0},"end":{"line":1,"column":32}},"1":{"start":{"line":3,"column":15},"end":{"line":3,"column":30}},"2":{"start":{"line":5,"column":20},"end":{"line":21,"column":null}},"3":{"start":{"line":24,"column":0},"end":{"line":24,"column":52}}},"fnMap":{},"branchMap":{},"s":{"0":1,"1":1,"2":1,"3":1},"f":{},"b":{}}
,"/home/icsl22/backend-interview/src/order/order.routes.ts": {"path":"/home/icsl22/backend-interview/src/order/order.routes.ts","statementMap":{"0":{"start":{"line":1,"column":0},"end":{"line":1,"column":76}},"1":{"start":{"line":2,"column":0},"end":{"line":2,"column":30}},"2":{"start":{"line":3,"column":15},"end":{"line":3,"column":31}},"3":{"start":{"line":5,"column":0},"end":{"line":5,"column":41}},"4":{"start":{"line":6,"column":0},"end":{"line":6,"column":41}},"5":{"start":{"line":8,"column":0},"end":{"line":8,"column":22}}},"fnMap":{},"branchMap":{},"s":{"0":1,"1":1,"2":1,"3":1,"4":1,"5":1},"f":{},"b":{}}
,"/home/icsl22/backend-interview/src/order/order.service.ts": {"path":"/home/icsl22/backend-interview/src/order/order.service.ts","statementMap":{"0":{"start":{"line":1,"column":0},"end":{"line":1,"column":39}},"1":{"start":{"line":3,"column":31},"end":{"line":5,"column":2}},"2":{"start":{"line":3,"column":54},"end":{"line":5,"column":2}},"3":{"start":{"line":4,"column":2},"end":{"line":4,"column":42}},"4":{"start":{"line":3,"column":13},"end":{"line":3,"column":31}},"5":{"start":{"line":7,"column":32},"end":{"line":9,"column":2}},"6":{"start":{"line":7,"column":56},"end":{"line":9,"column":2}},"7":{"start":{"line":8,"column":2},"end":{"line":8,"column":38}},"8":{"start":{"line":7,"column":13},"end":{"line":7,"column":32}}},"fnMap":{"0":{"name":"(anonymous_8)","decl":{"start":{"line":3,"column":31},"end":{"line":3,"column":38}},"loc":{"start":{"line":3,"column":54},"end":{"line":5,"column":2}}},"1":{"name":"(anonymous_9)","decl":{"start":{"line":3,"column":54},"end":{"line":3,"column":null}},"loc":{"start":{"line":3,"column":54},"end":{"line":5,"column":1}}},"2":{"name":"(anonymous_10)","decl":{"start":{"line":7,"column":32},"end":{"line":7,"column":39}},"loc":{"start":{"line":7,"column":56},"end":{"line":9,"column":2}}},"3":{"name":"(anonymous_11)","decl":{"start":{"line":7,"column":56},"end":{"line":7,"column":null}},"loc":{"start":{"line":7,"column":56},"end":{"line":9,"column":1}}}},"branchMap":{},"s":{"0":1,"1":1,"2":0,"3":0,"4":1,"5":1,"6":0,"7":0,"8":1},"f":{"0":0,"1":0,"2":0,"3":0},"b":{}}
,"/home/icsl22/backend-interview/src/service/service.controller.ts": {"path":"/home/icsl22/backend-interview/src/service/service.controller.ts","statementMap":{"0":{"start":{"line":1,"column":0},"end":{"line":1,"column":55}},"1":{"start":{"line":2,"column":0},"end":{"line":2,"column":null}},"2":{"start":{"line":10,"column":36},"end":{"line":24,"column":2}},"3":{"start":{"line":10,"column":74},"end":{"line":24,"column":2}},"4":{"start":{"line":11,"column":2},"end":{"line":23,"column":null}},"5":{"start":{"line":12,"column":17},"end":{"line":12,"column":50}},"6":{"start":{"line":13,"column":4},"end":{"line":17,"column":7}},"7":{"start":{"line":19,"column":4},"end":{"line":22,"column":7}},"8":{"start":{"line":10,"column":13},"end":{"line":10,"column":36}},"9":{"start":{"line":26,"column":36},"end":{"line":40,"column":2}},"10":{"start":{"line":26,"column":74},"end":{"line":40,"column":2}},"11":{"start":{"line":27,"column":2},"end":{"line":39,"column":null}},"12":{"start":{"line":28,"column":17},"end":{"line":28,"column":57}},"13":{"start":{"line":29,"column":4},"end":{"line":33,"column":7}},"14":{"start":{"line":35,"column":4},"end":{"line":38,"column":7}},"15":{"start":{"line":26,"column":13},"end":{"line":26,"column":36}},"16":{"start":{"line":42,"column":39},"end":{"line":58,"column":2}},"17":{"start":{"line":42,"column":77},"end":{"line":58,"column":2}},"18":{"start":{"line":43,"column":2},"end":{"line":57,"column":null}},"19":{"start":{"line":44,"column":17},"end":{"line":44,"column":58}},"20":{"start":{"line":46,"column":4},"end":{"line":50,"column":7}},"21":{"start":{"line":53,"column":4},"end":{"line":56,"column":7}},"22":{"start":{"line":42,"column":13},"end":{"line":42,"column":39}},"23":{"start":{"line":60,"column":39},"end":{"line":75,"column":2}},"24":{"start":{"line":60,"column":77},"end":{"line":75,"column":2}},"25":{"start":{"line":61,"column":2},"end":{"line":74,"column":null}},"26":{"start":{"line":62,"column":17},"end":{"line":62,"column":67}},"27":{"start":{"line":64,"column":4},"end":{"line":68,"column":7}},"28":{"start":{"line":70,"column":4},"end":{"line":73,"column":7}},"29":{"start":{"line":60,"column":13},"end":{"line":60,"column":39}}},"fnMap":{"0":{"name":"(anonymous_7)","decl":{"start":{"line":10,"column":36},"end":{"line":10,"column":43}},"loc":{"start":{"line":10,"column":74},"end":{"line":24,"column":2}}},"1":{"name":"(anonymous_8)","decl":{"start":{"line":10,"column":74},"end":{"line":10,"column":null}},"loc":{"start":{"line":10,"column":74},"end":{"line":24,"column":1}}},"2":{"name":"(anonymous_9)","decl":{"start":{"line":26,"column":36},"end":{"line":26,"column":43}},"loc":{"start":{"line":26,"column":74},"end":{"line":40,"column":2}}},"3":{"name":"(anonymous_10)","decl":{"start":{"line":26,"column":74},"end":{"line":26,"column":null}},"loc":{"start":{"line":26,"column":74},"end":{"line":40,"column":1}}},"4":{"name":"(anonymous_11)","decl":{"start":{"line":42,"column":39},"end":{"line":42,"column":46}},"loc":{"start":{"line":42,"column":77},"end":{"line":58,"column":2}}},"5":{"name":"(anonymous_12)","decl":{"start":{"line":42,"column":77},"end":{"line":42,"column":null}},"loc":{"start":{"line":42,"column":77},"end":{"line":58,"column":1}}},"6":{"name":"(anonymous_13)","decl":{"start":{"line":60,"column":39},"end":{"line":60,"column":46}},"loc":{"start":{"line":60,"column":77},"end":{"line":75,"column":2}}},"7":{"name":"(anonymous_14)","decl":{"start":{"line":60,"column":77},"end":{"line":60,"column":null}},"loc":{"start":{"line":60,"column":77},"end":{"line":75,"column":1}}}},"branchMap":{"0":{"loc":{"start":{"line":28,"column":41},"end":{"line":28,"column":56}},"type":"binary-expr","locations":[{"start":{"line":28,"column":41},"end":{"line":28,"column":50}},{"start":{"line":28,"column":54},"end":{"line":28,"column":56}}]}},"s":{"0":1,"1":1,"2":1,"3":2,"4":2,"5":2,"6":1,"7":1,"8":1,"9":1,"10":1,"11":1,"12":1,"13":1,"14":0,"15":1,"16":1,"17":1,"18":1,"19":1,"20":1,"21":0,"22":1,"23":1,"24":1,"25":1,"26":1,"27":1,"28":0,"29":1},"f":{"0":2,"1":2,"2":1,"3":1,"4":1,"5":1,"6":1,"7":1},"b":{"0":[1,0]}}
,"/home/icsl22/backend-interview/src/service/service.model.ts": {"path":"/home/icsl22/backend-interview/src/service/service.model.ts","statementMap":{"0":{"start":{"line":1,"column":0},"end":{"line":1,"column":32}},"1":{"start":{"line":3,"column":15},"end":{"line":3,"column":30}},"2":{"start":{"line":5,"column":22},"end":{"line":12,"column":null}},"3":{"start":{"line":15,"column":0},"end":{"line":15,"column":56}}},"fnMap":{},"branchMap":{},"s":{"0":1,"1":1,"2":1,"3":1},"f":{},"b":{}}
,"/home/icsl22/backend-interview/src/service/service.routes.ts": {"path":"/home/icsl22/backend-interview/src/service/service.routes.ts","statementMap":{"0":{"start":{"line":1,"column":0},"end":{"line":1,"column":null}},"1":{"start":{"line":7,"column":0},"end":{"line":7,"column":30}},"2":{"start":{"line":8,"column":15},"end":{"line":8,"column":31}},"3":{"start":{"line":10,"column":0},"end":{"line":10,"column":46}},"4":{"start":{"line":11,"column":0},"end":{"line":11,"column":45}},"5":{"start":{"line":12,"column":0},"end":{"line":12,"column":55}},"6":{"start":{"line":13,"column":0},"end":{"line":13,"column":52}},"7":{"start":{"line":17,"column":0},"end":{"line":17,"column":22}}},"fnMap":{},"branchMap":{},"s":{"0":1,"1":1,"2":1,"3":1,"4":1,"5":1,"6":1,"7":1},"f":{},"b":{}}
,"/home/icsl22/backend-interview/src/service/service.service.ts": {"path":"/home/icsl22/backend-interview/src/service/service.service.ts","statementMap":{"0":{"start":{"line":1,"column":0},"end":{"line":1,"column":60}},"1":{"start":{"line":2,"column":0},"end":{"line":2,"column":43}},"2":{"start":{"line":4,"column":33},"end":{"line":17,"column":2}},"3":{"start":{"line":4,"column":69},"end":{"line":17,"column":2}},"4":{"start":{"line":5,"column":2},"end":{"line":16,"column":null}},"5":{"start":{"line":6,"column":17},"end":{"line":6,"column":42}},"6":{"start":{"line":7,"column":4},"end":{"line":11,"column":null}},"7":{"start":{"line":8,"column":6},"end":{"line":10,"column":null}},"8":{"start":{"line":9,"column":8},"end":{"line":9,"column":84}},"9":{"start":{"line":12,"column":4},"end":{"line":12,"column":46}},"10":{"start":{"line":14,"column":4},"end":{"line":14,"column":14}},"11":{"start":{"line":15,"column":4},"end":{"line":15,"column":21}},"12":{"start":{"line":4,"column":13},"end":{"line":4,"column":33}},"13":{"start":{"line":19,"column":33},"end":{"line":21,"column":2}},"14":{"start":{"line":19,"column":57},"end":{"line":21,"column":2}},"15":{"start":{"line":20,"column":2},"end":{"line":20,"column":40}},"16":{"start":{"line":19,"column":13},"end":{"line":19,"column":33}},"17":{"start":{"line":23,"column":36},"end":{"line":34,"column":2}},"18":{"start":{"line":23,"column":57},"end":{"line":34,"column":2}},"19":{"start":{"line":24,"column":2},"end":{"line":33,"column":null}},"20":{"start":{"line":25,"column":17},"end":{"line":25,"column":57}},"21":{"start":{"line":27,"column":4},"end":{"line":29,"column":null}},"22":{"start":{"line":28,"column":6},"end":{"line":28,"column":40}},"23":{"start":{"line":30,"column":4},"end":{"line":30,"column":16}},"24":{"start":{"line":32,"column":4},"end":{"line":32,"column":14}},"25":{"start":{"line":23,"column":13},"end":{"line":23,"column":36}},"26":{"start":{"line":36,"column":36},"end":{"line":52,"column":2}},"27":{"start":{"line":39,"column":4},"end":{"line":52,"column":2}},"28":{"start":{"line":40,"column":2},"end":{"line":51,"column":null}},"29":{"start":{"line":41,"column":17},"end":{"line":43,"column":6}},"30":{"start":{"line":45,"column":4},"end":{"line":47,"column":null}},"31":{"start":{"line":46,"column":6},"end":{"line":46,"column":40}},"32":{"start":{"line":48,"column":4},"end":{"line":48,"column":16}},"33":{"start":{"line":50,"column":4},"end":{"line":50,"column":14}},"34":{"start":{"line":36,"column":13},"end":{"line":36,"column":36}}},"fnMap":{"0":{"name":"(anonymous_8)","decl":{"start":{"line":4,"column":33},"end":{"line":4,"column":40}},"loc":{"start":{"line":4,"column":69},"end":{"line":17,"column":2}}},"1":{"name":"(anonymous_9)","decl":{"start":{"line":4,"column":69},"end":{"line":4,"column":null}},"loc":{"start":{"line":4,"column":69},"end":{"line":17,"column":1}}},"2":{"name":"(anonymous_10)","decl":{"start":{"line":19,"column":33},"end":{"line":19,"column":40}},"loc":{"start":{"line":19,"column":57},"end":{"line":21,"column":2}}},"3":{"name":"(anonymous_11)","decl":{"start":{"line":19,"column":57},"end":{"line":19,"column":null}},"loc":{"start":{"line":19,"column":57},"end":{"line":21,"column":1}}},"4":{"name":"(anonymous_12)","decl":{"start":{"line":23,"column":36},"end":{"line":23,"column":43}},"loc":{"start":{"line":23,"column":57},"end":{"line":34,"column":2}}},"5":{"name":"(anonymous_13)","decl":{"start":{"line":23,"column":57},"end":{"line":23,"column":null}},"loc":{"start":{"line":23,"column":57},"end":{"line":34,"column":1}}},"6":{"name":"(anonymous_14)","decl":{"start":{"line":36,"column":36},"end":{"line":36,"column":null}},"loc":{"start":{"line":39,"column":4},"end":{"line":52,"column":2}}},"7":{"name":"(anonymous_15)","decl":{"start":{"line":39,"column":4},"end":{"line":39,"column":null}},"loc":{"start":{"line":39,"column":4},"end":{"line":52,"column":1}}}},"branchMap":{"0":{"loc":{"start":{"line":7,"column":4},"end":{"line":11,"column":null}},"type":"if","locations":[{"start":{"line":7,"column":4},"end":{"line":11,"column":null}}]},"1":{"loc":{"start":{"line":8,"column":6},"end":{"line":10,"column":null}},"type":"if","locations":[{"start":{"line":8,"column":6},"end":{"line":10,"column":null}}]},"2":{"loc":{"start":{"line":27,"column":4},"end":{"line":29,"column":null}},"type":"if","locations":[{"start":{"line":27,"column":4},"end":{"line":29,"column":null}}]},"3":{"loc":{"start":{"line":45,"column":4},"end":{"line":47,"column":null}},"type":"if","locations":[{"start":{"line":45,"column":4},"end":{"line":47,"column":null}}]}},"s":{"0":1,"1":1,"2":1,"3":2,"4":2,"5":2,"6":2,"7":1,"8":1,"9":1,"10":1,"11":0,"12":1,"13":1,"14":1,"15":1,"16":1,"17":1,"18":1,"19":1,"20":1,"21":1,"22":0,"23":1,"24":0,"25":1,"26":1,"27":1,"28":1,"29":1,"30":1,"31":0,"32":1,"33":0,"34":1},"f":{"0":2,"1":2,"2":1,"3":1,"4":1,"5":1,"6":1,"7":1},"b":{"0":[1],"1":[1],"2":[0],"3":[0]}}
,"/home/icsl22/backend-interview/test/service/constant/serviceData.ts": {"path":"/home/icsl22/backend-interview/test/service/constant/serviceData.ts","statementMap":{"0":{"start":{"line":1,"column":13},"end":{"line":3,"column":2}}},"fnMap":{},"branchMap":{},"s":{"0":1},"f":{},"b":{}}
,"/home/icsl22/backend-interview/utils/getTimeDifference.ts": {"path":"/home/icsl22/backend-interview/utils/getTimeDifference.ts","statementMap":{"0":{"start":{"line":1,"column":27},"end":{"line":16,"column":1}},"1":{"start":{"line":2,"column":2},"end":{"line":15,"column":null}},"2":{"start":{"line":5,"column":8},"end":{"line":5,"column":20}},"3":{"start":{"line":6,"column":17},"end":{"line":6,"column":27}},"4":{"start":{"line":7,"column":21},"end":{"line":7,"column":64}},"5":{"start":{"line":8,"column":4},"end":{"line":8,"column":55}},"6":{"start":{"line":9,"column":4},"end":{"line":9,"column":44}},"7":{"start":{"line":10,"column":4},"end":{"line":10,"column":19}},"8":{"start":{"line":12,"column":4},"end":{"line":14,"column":6}},"9":{"start":{"line":1,"column":13},"end":{"line":1,"column":27}}},"fnMap":{"0":{"name":"(anonymous_0)","decl":{"start":{"line":1,"column":27},"end":{"line":1,"column":28}},"loc":{"start":{"line":1,"column":51},"end":{"line":16,"column":1}}}},"branchMap":{"0":{"loc":{"start":{"line":2,"column":2},"end":{"line":15,"column":null}},"type":"if","locations":[{"start":{"line":2,"column":2},"end":{"line":15,"column":null}},{"start":{"line":11,"column":9},"end":{"line":15,"column":null}}]}},"s":{"0":1,"1":1,"2":1,"3":1,"4":1,"5":1,"6":1,"7":1,"8":0,"9":1},"f":{"0":1},"b":{"0":[1,0]}}
}
