TN:
SF:server.ts
FN:18,(anonymous_14)
FN:18,(anonymous_15)
FNF:2
FNH:2
FNDA:1,(anonymous_14)
FNDA:1,(anonymous_15)
DA:1,1
DA:2,1
DA:3,1
DA:4,1
DA:5,1
DA:6,1
DA:8,1
DA:9,1
DA:11,1
DA:12,1
DA:13,1
DA:14,1
DA:15,1
DA:18,1
DA:19,1
DA:21,1
DA:24,1
LF:17
LH:17
BRDA:18,0,0,0
BRDA:18,0,1,1
BRF:2
BRH:1
end_of_record
TN:
SF:config/db.ts
FN:3,(anonymous_8)
FN:3,(anonymous_9)
FNF:2
FNH:2
FNDA:1,(anonymous_8)
FNDA:1,(anonymous_9)
DA:1,1
DA:3,1
DA:4,1
DA:5,1
DA:9,1
DA:11,0
LF:6
LH:5
BRDA:6,0,0,1
BRDA:6,0,1,0
BRF:2
BRH:1
end_of_record
TN:
SF:constant/Response.ts
FNF:0
FNH:0
DA:1,1
LF:1
LH:1
BRF:0
BRH:0
end_of_record
TN:
SF:src/index.ts
FNF:0
FNH:0
DA:1,1
DA:2,1
DA:4,1
LF:3
LH:3
BRF:0
BRH:0
end_of_record
TN:
SF:src/order/order.controller.ts
FN:5,(anonymous_7)
FN:5,(anonymous_8)
FN:21,(anonymous_9)
FN:21,(anonymous_10)
FNF:4
FNH:0
FNDA:0,(anonymous_7)
FNDA:0,(anonymous_8)
FNDA:0,(anonymous_9)
FNDA:0,(anonymous_10)
DA:1,1
DA:2,1
DA:5,1
DA:6,0
DA:7,0
DA:8,0
DA:14,0
DA:21,1
DA:22,0
DA:23,0
DA:24,0
DA:30,0
LF:12
LH:4
BRDA:23,0,0,0
BRDA:23,0,1,0
BRF:2
BRH:0
end_of_record
TN:
SF:src/order/order.model.ts
FNF:0
FNH:0
DA:1,1
DA:3,1
DA:5,1
DA:24,1
LF:4
LH:4
BRF:0
BRH:0
end_of_record
TN:
SF:src/order/order.routes.ts
FNF:0
FNH:0
DA:1,1
DA:2,1
DA:3,1
DA:5,1
DA:6,1
DA:8,1
LF:6
LH:6
BRF:0
BRH:0
end_of_record
TN:
SF:src/order/order.service.ts
FN:3,(anonymous_8)
FN:3,(anonymous_9)
FN:7,(anonymous_10)
FN:7,(anonymous_11)
FNF:4
FNH:0
FNDA:0,(anonymous_8)
FNDA:0,(anonymous_9)
FNDA:0,(anonymous_10)
FNDA:0,(anonymous_11)
DA:1,1
DA:3,1
DA:4,0
DA:7,1
DA:8,0
LF:5
LH:3
BRF:0
BRH:0
end_of_record
TN:
SF:src/service/service.controller.ts
FN:10,(anonymous_7)
FN:10,(anonymous_8)
FN:26,(anonymous_9)
FN:26,(anonymous_10)
FN:42,(anonymous_11)
FN:42,(anonymous_12)
FN:60,(anonymous_13)
FN:60,(anonymous_14)
FNF:8
FNH:8
FNDA:2,(anonymous_7)
FNDA:2,(anonymous_8)
FNDA:1,(anonymous_9)
FNDA:1,(anonymous_10)
FNDA:1,(anonymous_11)
FNDA:1,(anonymous_12)
FNDA:1,(anonymous_13)
FNDA:1,(anonymous_14)
DA:1,1
DA:2,1
DA:10,2
DA:11,2
DA:12,2
DA:13,1
DA:19,1
DA:26,1
DA:27,1
DA:28,1
DA:29,1
DA:35,0
DA:42,1
DA:43,1
DA:44,1
DA:46,1
DA:53,0
DA:60,1
DA:61,1
DA:62,1
DA:64,1
DA:70,0
LF:22
LH:19
BRDA:28,0,0,1
BRDA:28,0,1,0
BRF:2
BRH:1
end_of_record
TN:
SF:src/service/service.model.ts
FNF:0
FNH:0
DA:1,1
DA:3,1
DA:5,1
DA:15,1
LF:4
LH:4
BRF:0
BRH:0
end_of_record
TN:
SF:src/service/service.routes.ts
FNF:0
FNH:0
DA:1,1
DA:7,1
DA:8,1
DA:10,1
DA:11,1
DA:12,1
DA:13,1
DA:17,1
LF:8
LH:8
BRF:0
BRH:0
end_of_record
TN:
SF:src/service/service.service.ts
FN:4,(anonymous_8)
FN:4,(anonymous_9)
FN:19,(anonymous_10)
FN:19,(anonymous_11)
FN:23,(anonymous_12)
FN:23,(anonymous_13)
FN:36,(anonymous_14)
FN:39,(anonymous_15)
FNF:8
FNH:8
FNDA:2,(anonymous_8)
FNDA:2,(anonymous_9)
FNDA:1,(anonymous_10)
FNDA:1,(anonymous_11)
FNDA:1,(anonymous_12)
FNDA:1,(anonymous_13)
FNDA:1,(anonymous_14)
FNDA:1,(anonymous_15)
DA:1,1
DA:2,1
DA:4,2
DA:5,2
DA:6,2
DA:7,2
DA:8,1
DA:9,1
DA:12,1
DA:14,1
DA:15,0
DA:19,1
DA:20,1
DA:23,1
DA:24,1
DA:25,1
DA:27,1
DA:28,0
DA:30,1
DA:32,0
DA:36,1
DA:39,1
DA:40,1
DA:41,1
DA:45,1
DA:46,0
DA:48,1
DA:50,0
LF:28
LH:23
BRDA:7,0,0,1
BRDA:8,1,0,1
BRDA:27,2,0,0
BRDA:45,3,0,0
BRF:4
BRH:2
end_of_record
TN:
SF:test/service/constant/serviceData.ts
FNF:0
FNH:0
DA:1,1
LF:1
LH:1
BRF:0
BRH:0
end_of_record
TN:
SF:utils/getTimeDifference.ts
FN:1,(anonymous_0)
FNF:1
FNH:1
FNDA:1,(anonymous_0)
DA:1,1
DA:2,1
DA:5,1
DA:6,1
DA:7,1
DA:8,1
DA:9,1
DA:10,1
DA:12,0
LF:9
LH:8
BRDA:2,0,0,1
BRDA:2,0,1,0
BRF:2
BRH:1
end_of_record
